<?xml version="1.0" encoding="UTF-8"?>
<!-- Generated by org.testng.reporters.JUnitReportReporter -->
<testsuite skipped="0" hostname="DESKTOP-IREDREU" name="cukes.grid.parallel.runners.ProductSearchRunnerTest" tests="1" failures="0" timestamp="2020-04-21T01:51:36 BST" time="30.827" errors="0">
  <testcase name="runCukes" time="30.827" classname="cukes.grid.parallel.runners.ProductSearchRunnerTest"/>
  <system-out/>
</testsuite> <!-- cukes.grid.parallel.runners.ProductSearchRunnerTest -->
