<?xml version="1.0" encoding="UTF-8"?>
<!-- Generated by org.testng.reporters.JUnitReportReporter -->
<testsuite skipped="0" hostname="DESKTOP-IREDREU" name="cukes.grid.parallel.runners.SearchOnChromeRunner" tests="1" failures="0" timestamp="2020-04-21T01:51:36 BST" time="14.303" errors="0">
  <testcase name="runCukes" time="14.303" classname="cukes.grid.parallel.runners.SearchOnChromeRunner"/>
  <system-out/>
</testsuite> <!-- cukes.grid.parallel.runners.SearchOnChromeRunner -->
