<?xml version="1.0" encoding="UTF-8"?>
<!-- Generated by org.testng.reporters.JUnitReportReporter -->
<testsuite skipped="0" hostname="DESKTOP-IREDREU" name="cukes.grid.parallel.runners.SearchRunnerTest" tests="1" failures="0" timestamp="2020-04-21T18:28:24 BST" time="48.905" errors="0">
  <testcase name="runCukes" time="48.905" classname="cukes.grid.parallel.runners.SearchRunnerTest"/>
  <system-out/>
</testsuite> <!-- cukes.grid.parallel.runners.SearchRunnerTest -->
